<?xml version="1.0" encoding="UTF-8"?>
<testsuite name="com.xcode_software.XcodeSoftwareApplicationTests" tests="1" skipped="0" failures="0" errors="0" timestamp="2024-11-21T16:03:53" hostname="myhostname" time="0.315">
  <properties/>
  <testcase name="contextLoads()" classname="com.xcode_software.XcodeSoftwareApplicationTests" time="0.315"/>
  <system-out><![CDATA[17:03:51.387 [Test worker] INFO org.springframework.test.context.support.AnnotationConfigContextLoaderUtils -- Could not detect default configuration classes for test class [com.xcode_software.XcodeSoftwareApplicationTests]: XcodeSoftwareApplicationTests does not declare any static, non-private, non-final, nested classes annotated with @Configuration.
17:03:51.444 [Test worker] INFO org.springframework.boot.test.context.SpringBootTestContextBootstrapper -- Found @SpringBootConfiguration com.xcode_software.XcodeSoftwareApplication for test class com.xcode_software.XcodeSoftwareApplicationTests

  .   ____          _            __ _ _
 /\\ / ___'_ __ _ _(_)_ __  __ _ \ \ \ \
( ( )\___ | '_ | '_| | '_ \/ _` | \ \ \ \
 \\/  ___)| |_)| | | | | || (_| |  ) ) ) )
  '  |____| .__|_| |_|_| |_\__, | / / / /
 =========|_|==============|___/=/_/_/_/

 :: Spring Boot ::                (v3.3.5)

2024-11-21T17:03:51.648+01:00  INFO 1524345 --- [    Test worker] c.x.XcodeSoftwareApplicationTests        : Starting XcodeSoftwareApplicationTests using Java 17.0.13 with PID 1524345 (started by castro in /home/castro/root/applications/Misc/xcode-software-recruitment/xcode-software)
2024-11-21T17:03:51.649+01:00  INFO 1524345 --- [    Test worker] c.x.XcodeSoftwareApplicationTests        : No active profile set, falling back to 1 default profile: "default"
2024-11-21T17:03:52.061+01:00  INFO 1524345 --- [    Test worker] .s.d.r.c.RepositoryConfigurationDelegate : Bootstrapping Spring Data JPA repositories in DEFAULT mode.
2024-11-21T17:03:52.101+01:00  INFO 1524345 --- [    Test worker] .s.d.r.c.RepositoryConfigurationDelegate : Finished Spring Data repository scanning in 35 ms. Found 1 JPA repository interface.
2024-11-21T17:03:52.388+01:00  INFO 1524345 --- [    Test worker] o.hibernate.jpa.internal.util.LogHelper  : HHH000204: Processing PersistenceUnitInfo [name: default]
2024-11-21T17:03:52.440+01:00  INFO 1524345 --- [    Test worker] org.hibernate.Version                    : HHH000412: Hibernate ORM core version 6.5.3.Final
2024-11-21T17:03:52.462+01:00  INFO 1524345 --- [    Test worker] o.h.c.internal.RegionFactoryInitiator    : HHH000026: Second-level cache disabled
2024-11-21T17:03:52.624+01:00  INFO 1524345 --- [    Test worker] o.s.o.j.p.SpringPersistenceUnitInfo      : No LoadTimeWeaver setup: ignoring JPA class transformer
2024-11-21T17:03:52.643+01:00  INFO 1524345 --- [    Test worker] com.zaxxer.hikari.HikariDataSource       : HikariPool-1 - Starting...
2024-11-21T17:03:52.739+01:00  INFO 1524345 --- [    Test worker] com.zaxxer.hikari.pool.HikariPool        : HikariPool-1 - Added connection conn0: url=jdbc:h2:mem:testdb user=SA
2024-11-21T17:03:52.740+01:00  INFO 1524345 --- [    Test worker] com.zaxxer.hikari.HikariDataSource       : HikariPool-1 - Start completed.
2024-11-21T17:03:52.751+01:00  WARN 1524345 --- [    Test worker] org.hibernate.orm.deprecation            : HHH90000025: H2Dialect does not need to be specified explicitly using 'hibernate.dialect' (remove the property setting and it will be selected by default)
2024-11-21T17:03:53.110+01:00  INFO 1524345 --- [    Test worker] o.h.e.t.j.p.i.JtaPlatformInitiator       : HHH000489: No JTA platform available (set 'hibernate.transaction.jta.platform' to enable JTA platform integration)
2024-11-21T17:03:53.139+01:00  INFO 1524345 --- [    Test worker] j.LocalContainerEntityManagerFactoryBean : Initialized JPA EntityManagerFactory for persistence unit 'default'
2024-11-21T17:03:53.377+01:00  WARN 1524345 --- [    Test worker] JpaBaseConfiguration$JpaWebConfiguration : spring.jpa.open-in-view is enabled by default. Therefore, database queries may be performed during view rendering. Explicitly configure spring.jpa.open-in-view to disable this warning
2024-11-21T17:03:53.729+01:00  INFO 1524345 --- [    Test worker] c.x.XcodeSoftwareApplicationTests        : Started XcodeSoftwareApplicationTests in 2.207 seconds (process running for 2.737)
]]></system-out>
  <system-err><![CDATA[]]></system-err>
</testsuite>
