<?xml version="1.0" encoding="UTF-8"?>
<testsuite name="com.xcode_software.controller.GlobalExceptionHandlerTest" tests="3" skipped="0" failures="0" errors="0" timestamp="2024-11-21T16:03:54" hostname="myhostname" time="0.009">
  <properties/>
  <testcase name="testHandleCurrencyNotFound()" classname="com.xcode_software.controller.GlobalExceptionHandlerTest" time="0.001"/>
  <testcase name="testHandleValidationExceptions()" classname="com.xcode_software.controller.GlobalExceptionHandlerTest" time="0.005"/>
  <testcase name="testHandleGeneralException()" classname="com.xcode_software.controller.GlobalExceptionHandlerTest" time="0.001"/>
  <system-out><![CDATA[]]></system-out>
  <system-err><![CDATA[]]></system-err>
</testsuite>
