<?xml version="1.0" encoding="UTF-8"?>
<testsuite name="com.xcode_software.controller.CurrencyControllerTest" tests="2" skipped="0" failures="0" errors="0" timestamp="2024-11-21T16:03:54" hostname="myhostname" time="0.15">
  <properties/>
  <testcase name="testGetAllRequests()" classname="com.xcode_software.controller.CurrencyControllerTest" time="0.133"/>
  <testcase name="testGetCurrentCurrencyValue()" classname="com.xcode_software.controller.CurrencyControllerTest" time="0.009"/>
  <system-out><![CDATA[]]></system-out>
  <system-err><![CDATA[]]></system-err>
</testsuite>
