<?xml version="1.0" encoding="UTF-8"?>
<testsuite name="com.xcode_software.controller.dto.CurrencyValueResponseTest" tests="2" skipped="0" failures="0" errors="0" timestamp="2024-11-21T16:03:54" hostname="myhostname" time="0.002">
  <properties/>
  <testcase name="testConstructorAndGetter()" classname="com.xcode_software.controller.dto.CurrencyValueResponseTest" time="0.001"/>
  <testcase name="testSetter()" classname="com.xcode_software.controller.dto.CurrencyValueResponseTest" time="0.001"/>
  <system-out><![CDATA[]]></system-out>
  <system-err><![CDATA[]]></system-err>
</testsuite>
