<?xml version="1.0" encoding="UTF-8"?>
<testsuite name="com.xcode_software.model.CurrencyRequestTest" tests="2" skipped="0" failures="0" errors="0" timestamp="2024-11-21T16:03:54" hostname="myhostname" time="0.002">
  <properties/>
  <testcase name="testConstructorAndGetters()" classname="com.xcode_software.model.CurrencyRequestTest" time="0.0"/>
  <testcase name="testSetters()" classname="com.xcode_software.model.CurrencyRequestTest" time="0.001"/>
  <system-out><![CDATA[]]></system-out>
  <system-err><![CDATA[]]></system-err>
</testsuite>
